Virtual User Script started at: 07.01.2025 20:35:05
Starting action vuser_init.
Web Turbo Replay of LoadRunner 2021.0.0 for Windows 10; build 430 (янв 05 2021 19:27:22)  	[MsgId: MMSG-26983]
Run mode: HTML  	[MsgId: MMSG-26993]
Replay user agent: Mozilla/5.0 (Windows NT 10.0; Win64; x64) AppleWebKit/537.36 (KHTML, like Gecko) Chrome/131.0.0.0 Safari/537.36 Edg/131.0.0.0  	[MsgId: MMSG-26988]
Runtime Settings file: "C:\Users\masha\OneDrive\Документы\VuGen\Scripts\final9090\\default.cfg"  	[MsgId: MMSG-27141]
Ending action vuser_init.
Running Vuser...
Starting iteration 1.
Maximum number of concurrent connections per server: 6  	[MsgId: MMSG-26989]
Starting action Action.
Action.c(7): web_set_sockets_option started  	[MsgId: MMSG-26355]
Action.c(7): web_set_sockets_option was successful  	[MsgId: MMSG-26392]
Action.c(10): Notify: Transaction "1_loginPage" started.
Action.c(16): web_reg_save_param_regexp started  	[MsgId: MMSG-26355]
Action.c(16): Registering web_reg_save_param_regexp was successful  	[MsgId: MMSG-26390]
Action.c(21): web_reg_find started  	[MsgId: MMSG-26355]
Action.c(21): Registering web_reg_find was successful  	[MsgId: MMSG-26390]
Action.c(26): web_url("auth") started  	[MsgId: MMSG-26355]
Action.c(26): Found resource "https://yastatic.net/s3/passport-static/core/v1.188.15/css/react.authv2.cij.css" in HTML "https://passport.yandex.ru/auth?retpath=https%3A%2F%2Fmail.yandex.ru&origin=mail360"  	[MsgId: MMSG-26659]
Action.c(26): Found resource "https://yastatic.net/s3/passport-auth-customs//customs/v1.174.4/passport.auth.customs.css" in HTML "https://passport.yandex.ru/auth?retpath=https%3A%2F%2Fmail.yandex.ru&origin=mail360"  	[MsgId: MMSG-26659]
Action.c(26): Found resource "https://yastatic.net/s3/frontend/jslibs/jquery/3.7.1/jquery-3.7.1.min.js" in HTML "https://passport.yandex.ru/auth?retpath=https%3A%2F%2Fmail.yandex.ru&origin=mail360"  	[MsgId: MMSG-26659]
Action.c(26): Found resource "https://yastatic.net/react/17.0.2/react-with-dom-and-polyfills.min.js" in HTML "https://passport.yandex.ru/auth?retpath=https%3A%2F%2Fmail.yandex.ru&origin=mail360"  	[MsgId: MMSG-26659]
Action.c(26): Found resource "https://yastatic.net/s3/passport-static/core/v1.188.15/js/react.authv2.lego.ru.js" in HTML "https://passport.yandex.ru/auth?retpath=https%3A%2F%2Fmail.yandex.ru&origin=mail360"  	[MsgId: MMSG-26659]
Action.c(26): Found resource "https://yastatic.net/s3/passport-static/core/v1.188.15/js/react.authv2.vendors.ru.js" in HTML "https://passport.yandex.ru/auth?retpath=https%3A%2F%2Fmail.yandex.ru&origin=mail360"  	[MsgId: MMSG-26659]
Action.c(26): Found resource "https://yastatic.net/s3/passport-static/core/v1.188.15/js/react.authv2.react.ru.js" in HTML "https://passport.yandex.ru/auth?retpath=https%3A%2F%2Fmail.yandex.ru&origin=mail360"  	[MsgId: MMSG-26659]
Action.c(26): Registered web_reg_find successful for "Text=passp-button passp-sign-in-button" (count=5)  	[MsgId: MMSG-26364]
Action.c(26): web_url("auth") was successful, 1131834 body bytes, 8826 header bytes, 129 chunking overhead bytes  	[MsgId: MMSG-26385]
Action.c(42): web_reg_save_param_regexp started  	[MsgId: MMSG-26355]
Action.c(42): Registering web_reg_save_param_regexp was successful  	[MsgId: MMSG-26390]
Action.c(53): web_reg_save_param_regexp started  	[MsgId: MMSG-26355]
Action.c(53): Registering web_reg_save_param_regexp was successful  	[MsgId: MMSG-26390]
Action.c(59): web_reg_save_param_regexp started  	[MsgId: MMSG-26355]
Action.c(59): Registering web_reg_save_param_regexp was successful  	[MsgId: MMSG-26390]
Action.c(64): web_url("auth_2") started  	[MsgId: MMSG-26355]
Action.c(64): Resource "https://yastatic.net/s3/passport-static/core/v1.188.15/css/react.authv2.cij.css" is in the cache already and will not be downloaded again  	[MsgId: MMSG-26655]
Action.c(64): Resource "https://yastatic.net/s3/passport-auth-customs//customs/v1.174.4/passport.auth.customs.css" is in the cache already and will not be downloaded again  	[MsgId: MMSG-26655]
Action.c(64): Downloading resource "https://yastatic.net/s3/passport-auth-customs/customs/v1.174.4/passport.auth.customs.css" (specified by argument number 10)  	[MsgId: MMSG-26577]
Action.c(64): Downloading resource "https://yastatic.net/s3/passport-static/core/v1.188.15/i/authv2/qr-icon-dark.svg" (specified by argument number 13)  	[MsgId: MMSG-26577]
Action.c(64): Downloading resource "https://yastatic.net/s3/passport-static/core/v1.188.15/i/authv2/fingerprint-icon-dark.svg" (specified by argument number 16)  	[MsgId: MMSG-26577]
Action.c(64): Downloading resource "https://yastatic.net/s3/passport-static/core/v1.188.15/i/authv2/all-social-icon-dark.svg" (specified by argument number 19)  	[MsgId: MMSG-26577]
Action.c(64): Resource "https://yastatic.net/s3/frontend/jslibs/jquery/3.7.1/jquery-3.7.1.min.js" is in the cache already and will not be downloaded again  	[MsgId: MMSG-26655]
Action.c(64): Resource "https://yastatic.net/react/17.0.2/react-with-dom-and-polyfills.min.js" is in the cache already and will not be downloaded again  	[MsgId: MMSG-26655]
Action.c(64): Resource "https://yastatic.net/s3/passport-static/core/v1.188.15/js/react.authv2.lego.ru.js" is in the cache already and will not be downloaded again  	[MsgId: MMSG-26655]
Action.c(64): Resource "https://yastatic.net/s3/passport-static/core/v1.188.15/js/react.authv2.vendors.ru.js" is in the cache already and will not be downloaded again  	[MsgId: MMSG-26655]
Action.c(64): Resource "https://yastatic.net/s3/passport-static/core/v1.188.15/js/react.authv2.react.ru.js" is in the cache already and will not be downloaded again  	[MsgId: MMSG-26655]
Action.c(64): web_url("auth_2") was successful, 90180 body bytes, 5767 header bytes, 129 chunking overhead bytes  	[MsgId: MMSG-26385]
Action.c(79): web_convert_param started  	[MsgId: MMSG-26355]
Action.c(79): web_convert_param was successful  	[MsgId: MMSG-26392]
Action.c(85): Notify: Transaction "1_loginPage" ended with a "Pass" status (Duration: 1,7392 Wasted Time: 0,2651).
Action.c(87): Notify: Transaction "2_login" started.
Action.c(95): web_reg_save_param_json started  	[MsgId: MMSG-26355]
Action.c(95): Registering web_reg_save_param_json was successful  	[MsgId: MMSG-26390]
Action.c(100): web_reg_find started  	[MsgId: MMSG-26355]
Action.c(100): Registering web_reg_find was successful  	[MsgId: MMSG-26390]
Action.c(105): web_submit_data("start") started  	[MsgId: MMSG-26355]
Action.c(105): Downloading resource "https://mc.yandex.ru/clmap/784657?page-url=https%3A%2F%2Fpassport.yandex.ru%2Fauth%2Fwelcome%3Fretpath%3Dhttps%253A%252F%252Fmail.yandex.ru%26origin%3Dmail360&pointer-click=rn%3A634299593%3Ax%3A-97673%3Ay%3A-461086%3At%3A794%3Ap%3APWAA1A1AFAAA2A1AAA1A1AA%3AX%3A0%3AY%3A0&browser-info=u%3A1735901419877300485%3Av%3A1551%3Avf%3Afqngs4ku2ry4ydu78wzu8osbsm7%3Arqnl%3A1%3Ast%3A1735901499&t=gdpr(8-0)ti(1)" (specified by argument number 32)  	[MsgId: MMSG-26577]
Action.c(105): Downloading resource "https://avatars.mds.yandex.net/get-yapic/0/0-0/islands-200" (specified by argument number 35)  	[MsgId: MMSG-26577]
Action.c(105): Registered web_reg_find successful for "Text="status":"ok"" (count=1)  	[MsgId: MMSG-26364]
Action.c(105): web_submit_data("start") was successful, 9589 body bytes, 3762 header bytes  	[MsgId: MMSG-26386]
Action.c(132): web_reg_save_param_regexp started  	[MsgId: MMSG-26355]
Action.c(132): Registering web_reg_save_param_regexp was successful  	[MsgId: MMSG-26390]
Action.c(137): web_custom_request("commit_password") started  	[MsgId: MMSG-26355]
Action.c(137): web_custom_request("commit_password") was successful, 172 body bytes, 4549 header bytes  	[MsgId: MMSG-26386]
Action.c(156): web_reg_save_param_regexp started  	[MsgId: MMSG-26355]
Action.c(156): Registering web_reg_save_param_regexp was successful  	[MsgId: MMSG-26390]
Action.c(161): web_submit_data("accounts") started  	[MsgId: MMSG-26355]
Action.c(161): web_submit_data("accounts") was successful, 6713 body bytes, 2937 header bytes  	[MsgId: MMSG-26386]
Action.c(174): web_submit_data("getCommonTrack") started  	[MsgId: MMSG-26355]
Action.c(174): web_submit_data("getCommonTrack") was successful, 57 body bytes, 2689 header bytes  	[MsgId: MMSG-26386]
Action.c(188): web_submit_data("ask_v2") started  	[MsgId: MMSG-26355]
Action.c(188): web_submit_data("ask_v2") was successful, 40 body bytes, 2689 header bytes  	[MsgId: MMSG-26386]
Action.c(208): web_reg_save_param_regexp started  	[MsgId: MMSG-26355]
Action.c(208): Registering web_reg_save_param_regexp was successful  	[MsgId: MMSG-26390]
Action.c(213): web_submit_data("accounts_2") started  	[MsgId: MMSG-26355]
Action.c(213): web_submit_data("accounts_2") was successful, 6721 body bytes, 2937 header bytes  	[MsgId: MMSG-26386]
Action.c(226): web_submit_data("getCommonTrack_2") started  	[MsgId: MMSG-26355]
Action.c(226): web_submit_data("getCommonTrack_2") was successful, 57 body bytes, 2689 header bytes  	[MsgId: MMSG-26386]
Action.c(240): web_submit_data("ask_v2_2") started  	[MsgId: MMSG-26355]
Action.c(240): web_submit_data("ask_v2_2") was successful, 40 body bytes, 2689 header bytes  	[MsgId: MMSG-26386]
Action.c(260): web_reg_save_param_regexp started  	[MsgId: MMSG-26355]
Action.c(260): Registering web_reg_save_param_regexp was successful  	[MsgId: MMSG-26390]
Action.c(266): web_reg_save_param_ex started  	[MsgId: MMSG-26355]
Action.c(266): Registering web_reg_save_param_ex was successful  	[MsgId: MMSG-26390]
Action.c(272): web_url("mail.yandex.ru") started  	[MsgId: MMSG-26355]
Action.c(272): Found resource "https://yastatic.net/s3/frontend/yandex-lego/serp-header/_/qvgYt8ku.css" in HTML "https://mail.yandex.ru/"  	[MsgId: MMSG-26659]
Action.c(272): Downloading resource "https://yastatic.net/s3/psf/mg-theme/fonts/YS%20Text/text-bold.woff2" (specified by argument number 10)  	[MsgId: MMSG-26577]
Action.c(272): Downloading resource "https://yastatic.net/s3/liza/_/nanoislands-1d307024c5c4eafdedcf4b2d100910f1.css" (specified by argument number 13)  	[MsgId: MMSG-26577]
Action.c(272): Downloading resource "https://yastatic.net/s3/liza/_/mail-5043479c8ea725e7c0c29249ddd24bad.css" (specified by argument number 15)  	[MsgId: MMSG-26577]
Action.c(272): Downloading resource "https://yastatic.net/s3/liza/_/messages-dc005d1b737aa54db39c11c4b13287eb.css" (specified by argument number 17)  	[MsgId: MMSG-26577]
Action.c(272): Downloading resource "https://yastatic.net/s3/liza/_/old-efaed7dac6ac2faffcb3c69846860c25.css" (specified by argument number 19)  	[MsgId: MMSG-26577]
Action.c(272): Downloading resource "https://yastatic.net/s3/liza/_/left-c796292c8c308d22dce7ffccfe1d0b2c.css" (specified by argument number 21)  	[MsgId: MMSG-26577]
Action.c(272): Downloading resource "https://yastatic.net/s3/liza/_/ab69671de1bd8502995d-10.js" (specified by argument number 23)  	[MsgId: MMSG-26577]
Action.c(272): Downloading resource "https://yastatic.net/s3/liza/_/6ec4cffcd1bb52fe092a-4.js" (specified by argument number 25)  	[MsgId: MMSG-26577]
Action.c(272): Downloading resource "https://yastatic.net/s3/liza/_/d4f5c9f46269a0b41948-2.js" (specified by argument number 27)  	[MsgId: MMSG-26577]
Action.c(272): Downloading resource "https://yastatic.net/s3/liza/_/e922bb3520ef9b524448-5.js" (specified by argument number 29)  	[MsgId: MMSG-26577]
Action.c(272): Downloading resource "https://yastatic.net/s3/psf/mg-theme/fonts/YS%20Text/text-medium.woff2" (specified by argument number 31)  	[MsgId: MMSG-26577]
Action.c(272): Downloading resource "https://yastatic.net/s3/liza/_/fa906c9a0907a40b7db6-1.js" (specified by argument number 34)  	[MsgId: MMSG-26577]
Action.c(272): Downloading resource "https://yastatic.net/s3/psf/mg-theme/fonts/YS%20Text/text-regular.woff2" (specified by argument number 36)  	[MsgId: MMSG-26577]
Action.c(272): Downloading resource "https://yastatic.net/s3/liza/_/fe972e381147ac026547-0.js" (specified by argument number 39)  	[MsgId: MMSG-26577]
Action.c(272): Downloading resource "https://yastatic.net/s3/liza/_/69c0d32fabe3fe06d0c6-28.js" (specified by argument number 41)  	[MsgId: MMSG-26577]
Action.c(272): Downloading resource "https://yastatic.net/s3/liza/_/60f648208e391de5ef2f-24.js" (specified by argument number 43)  	[MsgId: MMSG-26577]
Action.c(272): Downloading resource "https://yastatic.net/s3/liza/_/5bd45b6f976a30645a5a-33.js" (specified by argument number 45)  	[MsgId: MMSG-26577]
Action.c(272): Downloading resource "https://yastatic.net/s3/liza/_/2213e97c1da3c0868b22-45.js" (specified by argument number 47)  	[MsgId: MMSG-26577]
Action.c(272): Downloading resource "https://yastatic.net/s3/psf/mail-liza-react-client/1-402d650168a8a0489ae8.css" (specified by argument number 49)  	[MsgId: MMSG-26577]
Action.c(272): Downloading resource "https://yastatic.net/s3/psf/mail-liza-react-client/notification-center-e5e7baf05bcd505dc256.css" (specified by argument number 51)  	[MsgId: MMSG-26577]
Action.c(272): Downloading resource "https://yastatic.net/s3/liza/_/4fe266d1d78fb42a3cf9-42.js" (specified by argument number 53)  	[MsgId: MMSG-26577]
Action.c(272): Downloading resource "https://yastatic.net/s3/liza/_/8326df3e30cb5766128d-18.js" (specified by argument number 55)  	[MsgId: MMSG-26577]
Action.c(272): Downloading resource "https://yastatic.net/s3/liza/_/651118b267db18ec503b-3.js" (specified by argument number 57)  	[MsgId: MMSG-26577]
Action.c(272): Downloading resource "https://yastatic.net/s3/psf/mail-liza-react-client/0-73b72689fec0c6f7a381.css" (specified by argument number 59)  	[MsgId: MMSG-26577]
Action.c(272): Downloading resource "https://yastatic.net/s3/liza/_/ab8c88ef58beec999165-25.js" (specified by argument number 61)  	[MsgId: MMSG-26577]
Action.c(272): Downloading resource "https://yastatic.net/s3/liza/_/dc505ad8d19c8b93a518-22.js" (specified by argument number 63)  	[MsgId: MMSG-26577]
Action.c(272): Downloading resource "https://yastatic.net/s3/liza/_/d5cb5aa499ab6129d944-37.js" (specified by argument number 65)  	[MsgId: MMSG-26577]
Action.c(272): Downloading resource "https://yastatic.net/s3/psf/mail-liza-react-client/1-402d650168a8a0489ae8.js" (specified by argument number 67)  	[MsgId: MMSG-26577]
Action.c(272): Downloading resource "https://yastatic.net/s3/liza/_/53c0969e540074ad5d96-20.js" (specified by argument number 69)  	[MsgId: MMSG-26577]
Action.c(272): Downloading resource "https://yastatic.net/s3/psf/mail-liza-react-client/0-73b72689fec0c6f7a381.js" (specified by argument number 71)  	[MsgId: MMSG-26577]
Action.c(272): Downloading resource "https://yastatic.net/s3/liza/_/0ccaea0b251e53ff09b6-40.js" (specified by argument number 73)  	[MsgId: MMSG-26577]
Action.c(272): Downloading resource "https://yastatic.net/s3/liza/_/16903286c5ab61bac01b-39.js" (specified by argument number 75)  	[MsgId: MMSG-26577]
Action.c(272): Downloading resource "https://yastatic.net/s3/liza/_/4b09d1c5e2e20dc18262-47.js" (specified by argument number 77)  	[MsgId: MMSG-26577]
Action.c(272): Downloading resource "https://yastatic.net/s3/psf/mail-liza-react-client/direct-9d8a6c1e3300a69d56c1.js" (specified by argument number 79)  	[MsgId: MMSG-26577]
Action.c(272): Downloading resource "https://yastatic.net/s3/psf/mail-liza-react-client/notification-center-e5e7baf05bcd505dc256.js" (specified by argument number 81)  	[MsgId: MMSG-26577]
Action.c(272): Downloading resource "https://yandex.ru/ads/system/context.js" (specified by argument number 83)  	[MsgId: MMSG-26577]
Action.c(272): Downloading resource "https://yastatic.net/s3/liza/_/d2541605b31d1683480b-46.js" (specified by argument number 85)  	[MsgId: MMSG-26577]
Action.c(272): Downloading resource "https://yastatic.net/s3/liza/_/subscriptions-1372a635e5b01ce24a3cb0bb1e245692.css" (specified by argument number 87)  	[MsgId: MMSG-26577]
Action.c(272): Downloading resource "https://yastatic.net/s3/liza/_/editor-949639c56475b1cfb2b674c25029378a.css" (specified by argument number 89)  	[MsgId: MMSG-26577]
Action.c(272): Downloading resource "https://avatars.mds.yandex.net/get-yapic/36777/0r-6/islands-200" (specified by argument number 91)  	[MsgId: MMSG-26577]
Action.c(272): Downloading resource "https://yastatic.net/s3/liza/_/compose-react-ed4a1667c03624783e34d592089e379b.css" (specified by argument number 93)  	[MsgId: MMSG-26577]
Action.c(272): Downloading resource "https://yastatic.net/s3/liza/_/compose-manager-eafaa0995b55e546ca1d30747b45ff9e.css" (specified by argument number 95)  	[MsgId: MMSG-26577]
Action.c(272): Downloading resource "https://yastatic.net/s3/liza/_/e29b2885ec8908c035a2-27.js" (specified by argument number 97)  	[MsgId: MMSG-26577]
Action.c(272): Downloading resource "https://yastatic.net/s3/liza/_/message-95c5b1c60e3a8b6d85722f2795e7f426.css" (specified by argument number 99)  	[MsgId: MMSG-26577]
Action.c(272): Downloading resource "https://yastatic.net/s3/liza/_/compose-9c6c4b23ec3d017d28037682092d8518.css" (specified by argument number 101)  	[MsgId: MMSG-26577]
Action.c(272): Downloading resource "https://yastatic.net/s3/liza/_/09166b971d68524f129f-23.js" (specified by argument number 103)  	[MsgId: MMSG-26577]
Action.c(272): Downloading resource "https://yastatic.net/s3/liza/_/dc22b778f507cf99af5f1fbaa09283ad-message.ogg" (specified by argument number 105)  	[MsgId: MMSG-26577]
Action.c(272): Downloading resource "https://yastatic.net/s3/liza/_/63d9be1e7c3864195c07-34.js" (specified by argument number 107)  	[MsgId: MMSG-26577]
Action.c(272): Downloading resource "https://yastatic.net/s3/liza/_/c0d191884b98355c8e4a-38.js" (specified by argument number 109)  	[MsgId: MMSG-26577]
Action.c(272): Downloading resource "https://yastatic.net/s3/liza/_/65301c385a1ae5aaff9b-36.js" (specified by argument number 111)  	[MsgId: MMSG-26577]
Action.c(272): Downloading resource "https://yastatic.net/s3/liza/_/promo-7b50c08b4adcf927a62cda7964f60341.css" (specified by argument number 113)  	[MsgId: MMSG-26577]
Action.c(272): Downloading resource "https://yastatic.net/s3/psf/mail-liza-react-client/react-tracing-460746e7d66b2fcf379e.js" (specified by argument number 115)  	[MsgId: MMSG-26577]
Action.c(272): Downloading resource "https://yastatic.net/partner-code-bundles/1183758/5956674fd0fdd7c45be0.js" (specified by argument number 117)  	[MsgId: MMSG-26577]
Action.c(272): Downloading resource "https://yastatic.net/partner-code-bundles/1183758/57bcfd9e2482bf6eab12.js" (specified by argument number 119)  	[MsgId: MMSG-26577]
Action.c(272): Downloading resource "https://yastatic.net/partner-code-bundles/1183758/28c60da322306eea85f3.js" (specified by argument number 121)  	[MsgId: MMSG-26577]
Action.c(272): Downloading resource "https://yastatic.net/s3/home/fonts/ys/3/text-variable-full.woff2" (specified by argument number 123)  	[MsgId: MMSG-26577]
Action.c(272): Downloading resource "https://yastatic.net/partner-code-bundles/1183758/cc3eb7227602aea2a356.js" (specified by argument number 125)  	[MsgId: MMSG-26577]
Action.c(272): Downloading resource "https://yastatic.net/partner-code-bundles/1183758/454b3fa45c64f15c3946.js" (specified by argument number 127)  	[MsgId: MMSG-26577]
Action.c(272): Downloading resource "https://yastatic.net/safeframe-bundles/0.83/host.js" (specified by argument number 129)  	[MsgId: MMSG-26577]
Action.c(272): Downloading resource "https://yastatic.net/partner-code-bundles/1183758/739a3f1b20a135fc8afd.js" (specified by argument number 131)  	[MsgId: MMSG-26577]
Action.c(272): Downloading resource "https://yastatic.net/partner-code-bundles/1183758/0a36daf5e89dd66b60ce.js" (specified by argument number 133)  	[MsgId: MMSG-26577]
Action.c(272): Downloading resource "https://yastatic.net/partner-code-bundles/1183758/b005959240c3440cc8c6.js" (specified by argument number 135)  	[MsgId: MMSG-26577]
Action.c(272): Downloading resource "https://avatars.mds.yandex.net/get-direct/5235281/ktLhRxtt8g7ddvNKc1viUw/wx150" (specified by argument number 137)  	[MsgId: MMSG-26577]
Action.c(272): Downloading resource "https://yandex.ru/an/rtbcount/1VvVyZtp0Ma200000000U9nJVBhcOk7QbmMTXW7iBMMT4yxyikmxM9xE00IUC97GQL7XmR5jcOmCgOn0ySm0zWsP8F7IKWu6XjghGA5MHX0vap7cBqW10yD2Hf4s26ibdBKHH6rW1X9x6QUuoZ4S1SkSPGI9N6K4ITvbP91HPFZBE8k9WM4k4qZaBDD_8BZAv0Pals8IwEgE_nF0pi3mzuQMw6ajDeQ_J5mWovbPWMGlioAGdCeCqZQNsHnaDSXa3h3Lp161fgNvmHFQJZB3_7iLhF8kcFp9xE343t4uI_F_8s3thc2vyujz1mlJ0PR_CC1uaiLwsqLkHgk8DHTOMZ-r7p-tv5Itn4qMi4w63_OFuQotB22_BM0LFCdQmYm45hp0sW02Z3TPOIxuoWeoj8EjWMK2szERn_gkRzsrevDn1jkLmy4BsAQzU_Dynxwdcu9Nii4CFS3cVeAD-H4RZtEebLDsYO5dU5cv-K-uz4Hs66iMExkXeOMnkQd51dQc7UoC9zZ57x2llFPxpiTblSUDVh3pT71KJU1WNC01zE4AZYazR1j0n0uEnbiS646yWBE1UGNdJCODdDedE1alS3Azu6JymCduWvDn0HT8EzU1Fw8VGR70u93umw6H6yRg1BCENFtlS86xfQ5fXIC0GTNDMG00?" (specified by argument number 139)  	[MsgId: MMSG-26577]
Action.c(272): Downloading resource "https://avatars.mds.yandex.net/get-direct/5217787/WN3SgwtlkfmhkvjtUGwWlA/wx150" (specified by argument number 141)  	[MsgId: MMSG-26577]
Action.c(272): Downloading resource "https://avatars.mds.yandex.net/get-direct/4936745/YYAB0graWta4Gxu3fJVPSw/y90" (specified by argument number 143)  	[MsgId: MMSG-26577]
Action.c(272): Downloading resource "https://yandex.ru/an/rtbcount/1PeIe7i20dG200000000U9nJVBhcOk7QbmMTXW7iALqC4y_yifnmi3oT0GWyOIAXzQ5QZB5jcOmCgOn0ySm0zYDD8F7IGWu6XjghGA5MHX0vaz6XZXMaas4XuuxbB63MIZXh8qZl1cOWiPTHRaKomr6mp5b6aCXLHf3aNKO66GM6luopc1WOvZA1H9OoBG2IQvaYW29dcVu3mLKcHw38AoO1vXdtTGBO6HXEplSGFQt5nl2NYGla46QG0tgP5O7aL6QG4NEPpK7E0Dd20NO6SqIWQMb-y8Isaymmlry5gxmB9dyoEpZnGpp1Klt_24Y8OGNBXFlgErYO3h3yXm76aopMsovoCrf5hBd0qlgf_VYv9QUw9Mv2lChmmVuXdFMM1UJF1Qo29rbRc8N0WXTO6nOqD3ZSP8Kvu2ihoCmEjWQM2MnFRnxhkxvrruvEnXbiLmu7Bs2RzkxDyntxdcuANia6C_C0c_i9DkP7R3pEeLQvlgQMdk5bvUO_uT8JsM6iMUpiXeOMnkQc5XlOcNQmCvzW5t_0tltotCStUt_-Zlh1pjF1KJM1Wt41nu4_eYiuTfmNsW0YTd0mtkB02E45d0tCApXtC6xWP3h1oNo1a-a59-C7JiOVd8mBk83Xiu8BQCP7K2GmF9WdvDZ83MDrWbaCFqKTBt2tD3IjS0G0d0JDOW00?" (specified by argument number 145)  	[MsgId: MMSG-26577]
Action.c(272): Downloading resource "https://favicon.yandex.net/favicon/bargipsy.com?size=32&stub=2" (specified by argument number 147)  	[MsgId: MMSG-26577]
Action.c(272): Downloading resource "https://avatars.mds.yandex.net/get-direct/5217787/WN3SgwtlkfmhkvjtUGwWlA/wy300" (specified by argument number 149)  	[MsgId: MMSG-26577]
Action.c(272): Downloading resource "https://favicon.yandex.net/favicon/yandex.ru?size=32&stub=2" (specified by argument number 151)  	[MsgId: MMSG-26577]
Action.c(272): Downloading resource "https://favicon.yandex.net/favicon/nuum.ru?size=32&stub=2" (specified by argument number 153)  	[MsgId: MMSG-26577]
Action.c(272): Downloading resource "https://favicon.yandex.net/favicon/practicum.yandex.ru?size=32&stub=2" (specified by argument number 155)  	[MsgId: MMSG-26577]
Action.c(272): Downloading resource "https://avatars.mds.yandex.net/get-direct/5426325/U_BSGhSUoy3TfBxI1VDVIQ/x90" (specified by argument number 157)  	[MsgId: MMSG-26577]
Action.c(272): Downloading resource "https://avatars.mds.yandex.net/get-direct/5426325/U_BSGhSUoy3TfBxI1VDVIQ/y180" (specified by argument number 159)  	[MsgId: MMSG-26577]
Action.c(272): Downloading resource "https://mail.yandex.ru/u2709/favicon/png/main-favicon/32/0.png" (specified by argument number 161)  	[MsgId: MMSG-26577]
Action.c(272): Downloading resource "https://static-mon.yandex.net/static/main.js?pid=yandex_mail" (specified by argument number 163)  	[MsgId: MMSG-26577]
Action.c(272): Downloading resource "https://yastatic.net/daas/atom.js" (specified by argument number 165)  	[MsgId: MMSG-26577]
Action.c(272): Downloading resource "https://yandex.ru/an/rtbcount/1TGNDIBo0MK200000000U9nJVBhcOk7QbmMTXW7iFdkBbv_vPVdkO7aw0n1umaH2itV-zezjosHaI6K4YcS6iF_P0X8lBULWOAYz2XHgPGIHCnbR_uCKC30iP0nAXB1MmbaRGTG6PY2nbt6Agnp3KR3CMKQGo5L6aEHTHWOPHOQ_ZBEO61ZcCe54pZBz1uAhJCU0x5TC0dSqTkG4i3CmnEGybJgjnSRmbuaBP3apAv3iPLO4abEPGThcCfk3h0QPp06scZaYqBGqFtX2sqbcc7-lWbNU1PC_cHsS-24EPsd-VmJitXKihV_PTx0m7M3v3mEC9rcijrtaPhIAM7E1fVLJ-_5pIqvrIzna0Uja-63_4CvwomBosm9MmPEiBSn2OC4Bh0qB6XeKRhB27F2L5MHc1ri3omIsfpUFzLtVkcj79-CCjYk7WnUmJNltvlcEVKyt1QzaWvbvWCtc11lp8pOUvr2hB1UdSF_midBpdt3fYUmmrYnsTaD32sDpKuiDx4mxs1bFi8i_O5zvxVUSZyjwZnlzOEVfuAYQmC6uW0FemHKSbmwnRW0HEpWORt5WXF02pWRc5Pmp6JTmQf_WPBp0oVI1a_479-C2Bf1UhWD_H3-2Oe11GVIRGoCtZDK9PWNy-EzmWRkbeMc58m3PDCol?" (specified by argument number 167)  	[MsgId: MMSG-26577]
Action.c(272): Downloading resource "https://avatars.mds.yandex.net/get-direct/5338229/EFowg_WDoaR-GL6LL8wWhQ/x90" (specified by argument number 169)  	[MsgId: MMSG-26577]
Action.c(272): Downloading resource "https://avatars.mds.yandex.net/get-direct/5338229/EFowg_WDoaR-GL6LL8wWhQ/y180" (specified by argument number 171)  	[MsgId: MMSG-26577]
Action.c(272): Downloading resource "https://favicon.yandex.net/favicon/contract.gosuslugi.ru?size=32&stub=2" (specified by argument number 173)  	[MsgId: MMSG-26577]
Action.c(272): Downloading resource "https://yandex.ru/an/rtbcount/1LOY8XZy0N0200000000U9nJVBhcOk7QbmMTXW7i6hSxbf_vPVdkO7aw0n1umaH2lRXDP6FRCXaPKXc1ufa1x1SkWiHBYpaO66gl0eLQ6K7aJCOSFP021eQ5Z2M7m0o6bN3MHf3K1cOWiPVnmXmvXgDWcREC896hZ239kumCCWeCVnbdCJ4mp6K2YInbMW0arp9504NEClq7WgjCXu4YhvW4D0pssmImCp2iNlzAwhGM6yDV9YwGGvXPWMGlioAGdCeCCc8kipd86I1REC3EO8u8D2tD3vxGTf8PvlUhO9LtmUHFPWSdVeWdMEh_7m7xPmNBcpiiErYO3h3yXm76aopMsovoCrf5hBd0qlgf_VYv9QUw9MwoGFpwmVuXdFMM1UJF1Qo29rbRc8N0WXTO6neuRhB2hF_A2ZAnWws1PGBRqvl7-gvltRMZat46svN3mGlOfhrxytp7lgURWbUomKmym6PpWetv4HkFSwXLgNDAX7zuMRdvJxZqH7OOQnOxkw6XXR6vgSK6TgOTxCmdsCKVi7U_FFVnpTwVlwD-iFDqS5HDu61Sm07qtWgEBotC6q343Wx6MnmOuRk0iu5v1USEnWsSarXES39Vu6JwmCduWvDn0HT8CzU1Fw8VGH70qE3tmg6H6yRg1BCEFFlaS86xfQ5fXIC0Vo7GxW00?" (specified by argument number 175)  	[MsgId: MMSG-26577]
Action.c(272): No socket (out of 16) is CURRENTLY available for a regular connection for URL="https://favicon.yandex.net/favicon/xn----9sbdzhj4bie6fq.xn--p1ai?size=32&stub=2"  	[MsgId: MMSG-26000]
Action.c(272): Downloading resource "https://favicon.yandex.net/favicon/xn----9sbdzhj4bie6fq.xn--p1ai?size=32&stub=2" (specified by argument number 177)  	[MsgId: MMSG-26577]
Action.c(272): Downloading resource "https://avatars.mds.yandex.net/get-direct/5161428/oYuGE084W9V1H4RcmSBuRQ/x180" (specified by argument number 179)  	[MsgId: MMSG-26577]
Action.c(272): Downloading resource "https://avatars.mds.yandex.net/get-direct/5161428/oYuGE084W9V1H4RcmSBuRQ/y90" (specified by argument number 181)  	[MsgId: MMSG-26577]
Action.c(272): No socket (out of 16) is CURRENTLY available for a regular connection for URL="https://clck.yandex.ru/click/dtype=PS/project=search_mail/action=suggest-compose/product=web/uid=2064807418/filed=to/field=to/suggest_used=yes/suggest_show=yes/pos=1/count=1/user_text=/search_text=belkatestit%40yandex.ru/*https://mail.yandex.ru/?uid=2064807418"  	[MsgId: MMSG-26000]
Action.c(272): Downloading resource "https://clck.yandex.ru/click/dtype=PS/project=search_mail/action=suggest-compose/product=web/uid=2064807418/filed=to/field=to/suggest_used=yes/suggest_show=yes/pos=1/count=1/user_text=/search_text=belkatestit%40yandex.ru/*https://mail.yandex.ru/?uid=2064807418" (specified by argument number 183)  	[MsgId: MMSG-26577]
Action.c(272): Downloading resource "https://avatars.mds.yandex.net/get-direct/5332322/h5o2sLPcOrZR4fLznExXxQ/y90" (specified by argument number 185)  	[MsgId: MMSG-26577]
Action.c(272): Downloading resource "https://avatars.mds.yandex.net/get-direct/5332322/h5o2sLPcOrZR4fLznExXxQ/x180" (specified by argument number 187)  	[MsgId: MMSG-26577]
Action.c(272): No socket (out of 16) is CURRENTLY available for a regular connection for URL="https://yandex.ru/an/rtbcount/1OuG4P7v0Mi200000000U9nJVBhcOk7QbmMTXW7iQpmgLftvPVdhO7aw0n1umaH2ENczv6BRCXaPKXc1ufa1x0xs8F7IGWu6XjghGA5MHX0vaz6XZXMaas4XuuxbB63MIZXh8qZl1cOWiPTHRaKomr6mp5b6aCXLHf3aNKO66GM6luopc1WOvZA1H9OoBG2IQvaYW29dcVu3mLKcHw38AoQ1A_yNVGzWPs1OqRTC-hGM6yDV9YwGGvX13kXbLWIIKvb1HinbDWSv0sGB1zWPp161fgNvmHFQJZB3_7uLhF8kcFp9xE343_44I_N_8o0XXXKizmwexc1XEi3o7mOOJx9ORxl8pMWLiUO2I-kdzkFdbfpgbhW9yIh31_k7SDPR5f0_5x0AdcHjOHO22zvaXTdybHLaM0TR0yi4jgStZ_LTtxfhHoVZ3BOhXuCNi4rxz-RvZdrFDmMlP8CPTe3D_GGRyoCs7kTGgxGA3x-0yB9oyvzmwOdiCDOiTdP3GmjZSrEB3UnCEzYPJx2BFs3lVddkuvkzFtz7_M3dwU2eci31k83Zm1_H5HmxpWjj014xE1XlSM04xGBE1kOLd3iODt1EOZd1oNo1a-a39-CFJiO5NC1WMS45DE4ZAEmP7imJScpaXh4wmIo6dwAE5xXR6ffME080WmdFJG00?"  	[MsgId: MMSG-26000]
Action.c(272): Downloading resource "https://yandex.ru/an/rtbcount/1OuG4P7v0Mi200000000U9nJVBhcOk7QbmMTXW7iQpmgLftvPVdhO7aw0n1umaH2ENczv6BRCXaPKXc1ufa1x0xs8F7IGWu6XjghGA5MHX0vaz6XZXMaas4XuuxbB63MIZXh8qZl1cOWiPTHRaKomr6mp5b6aCXLHf3aNKO66GM6luopc1WOvZA1H9OoBG2IQvaYW29dcVu3mLKcHw38AoQ1A_yNVGzWPs1OqRTC-hGM6yDV9YwGGvX13kXbLWIIKvb1HinbDWSv0sGB1zWPp161fgNvmHFQJZB3_7uLhF8kcFp9xE343_44I_N_8o0XXXKizmwexc1XEi3o7mOOJx9ORxl8pMWLiUO2I-kdzkFdbfpgbhW9yIh31_k7SDPR5f0_5x0AdcHjOHO22zvaXTdybHLaM0TR0yi4jgStZ_LTtxfhHoVZ3BOhXuCNi4rxz-RvZdrFDmMlP8CPTe3D_GGRyoCs7kTGgxGA3x-0yB9oyvzmwOdiCDOiTdP3GmjZSrEB3UnCEzYPJx2BFs3lVddkuvkzFtz7_M3dwU2eci31k83Zm1_H5HmxpWjj014xE1XlSM04xGBE1kOLd3iODt1EOZd1oNo1a-a39-CFJiO5NC1WMS45DE4ZAEmP7imJScpaXh4wmIo6dwAE5xXR6ffME080WmdFJG00?" (specified by argument number 189)  	[MsgId: MMSG-26577]
Action.c(272): Found resource "https://yastatic.net/s3/psf/mail-liza-react-client/App-272b27658bfb99e3914f.css" in HTML "https://mail.yandex.ru/"  	[MsgId: MMSG-26659]
Action.c(272): Found resource "https://avatars.mds.yandex.net/get-yapic/36777/0r-6/islands-middle" in HTML "https://mail.yandex.ru/"  	[MsgId: MMSG-26659]
Action.c(272): Found resource "https://yastatic.net/s3/psf/mail-liza-react-client/runtime~App-693be7717630355497cc.js" in HTML "https://mail.yandex.ru/"  	[MsgId: MMSG-26659]
Action.c(272): Found resource "https://yastatic.net/s3/psf/mail-liza-react-client/i18n.mail-liza.react-inboxgpt.ru-5bb44a7c1aa771b6e215.js" in HTML "https://mail.yandex.ru/"  	[MsgId: MMSG-26659]
Action.c(272): Found resource "https://yastatic.net/s3/psf/mail-liza-react-client/i18n.mail-liza.react-statusline.ru-6af161978d77613135b1.js" in HTML "https://mail.yandex.ru/"  	[MsgId: MMSG-26659]
Action.c(272): Found resource "https://yastatic.net/s3/psf/mail-liza-react-client/i18n.mail-liza.react-shortcuts.ru-3f75fe350f7106cf3b95.js" in HTML "https://mail.yandex.ru/"  	[MsgId: MMSG-26659]
Action.c(272): Found resource "https://yastatic.net/s3/psf/mail-liza-react-client/i18n.mail-liza.react-common.ru-eae632a51dc5373f9ed7.js" in HTML "https://mail.yandex.ru/"  	[MsgId: MMSG-26659]
Action.c(272): Found resource "https://yastatic.net/s3/psf/mail-liza-react-client/i18n.mail-liza.react-messages2.ru-3a2b6a52c2bae23ceac2.js" in HTML "https://mail.yandex.ru/"  	[MsgId: MMSG-26659]
Action.c(272): Found resource "https://yastatic.net/s3/psf/mail-liza-react-client/i18n.mail-liza.message-viewer-env.ru-994e180014283018146d.js" in HTML "https://mail.yandex.ru/"  	[MsgId: MMSG-26659]
Action.c(272): Found resource "https://yastatic.net/s3/psf/mail-liza-react-client/i18n.mail-liza.react-thread.ru-caceb9f473888ac78850.js" in HTML "https://mail.yandex.ru/"  	[MsgId: MMSG-26659]
Action.c(272): Found resource "https://yastatic.net/s3/psf/mail-liza-react-client/i18n.mail-liza.react-compose.ru-cbf448ab9fb3a9ead729.js" in HTML "https://mail.yandex.ru/"  	[MsgId: MMSG-26659]
Action.c(272): Found resource "https://yastatic.net/s3/psf/mail-liza-react-client/i18n.mail-liza.react-trust-medals.ru-c411a81e82d88245e24b.js" in HTML "https://mail.yandex.ru/"  	[MsgId: MMSG-26659]
Action.c(272): Found resource "https://yastatic.net/s3/psf/mail-liza-react-client/i18n.mail-liza.react-boot.ru-c7312ca0fd82eed0d37b.js" in HTML "https://mail.yandex.ru/"  	[MsgId: MMSG-26659]
Action.c(272): Found resource "https://yastatic.net/s3/psf/mail-liza-react-client/i18n.mail-liza.react-collectors.ru-6f53ec2ffa5a88a2af07.js" in HTML "https://mail.yandex.ru/"  	[MsgId: MMSG-26659]
Action.c(272): Found resource "https://yastatic.net/s3/psf/mail-liza-react-client/i18n.mail-liza.react-promo.ru-6dca6e1285fb1d2d1f32.js" in HTML "https://mail.yandex.ru/"  	[MsgId: MMSG-26659]
Action.c(272): Found resource "https://yastatic.net/s3/psf/mail-liza-react-client/i18n.mail-liza.react-labels.ru-78e8d2572e640fffe958.js" in HTML "https://mail.yandex.ru/"  	[MsgId: MMSG-26659]
Action.c(272): Found resource "https://yastatic.net/s3/psf/mail-liza-react-client/i18n.mail-liza.react-pdd-restrict.ru-b76e62e525ffcb2da42a.js" in HTML "https://mail.yandex.ru/"  	[MsgId: MMSG-26659]
Action.c(272): Found resource "https://yastatic.net/s3/psf/mail-liza-react-client/i18n.mail-liza.react-setup.ru-9831407b124586b82f8b.js" in HTML "https://mail.yandex.ru/"  	[MsgId: MMSG-26659]
Action.c(272): Found resource "https://yastatic.net/s3/psf/mail-liza-react-client/i18n.mail-liza.react-left-column.ru-543f9e2b465b5e2ed188.js" in HTML "https://mail.yandex.ru/"  	[MsgId: MMSG-26659]
Action.c(272): Found resource "https://yastatic.net/s3/psf/mail-liza-react-client/i18n.mail-liza.react-toolbar.ru-8ecb79dd2e00a6dbcaf2.js" in HTML "https://mail.yandex.ru/"  	[MsgId: MMSG-26659]
Action.c(272): Found resource "https://yastatic.net/s3/psf/mail-liza-react-client/i18n.mail-liza.react-alert.ru-3ec92b11a31336a625d6.js" in HTML "https://mail.yandex.ru/"  	[MsgId: MMSG-26659]
Action.c(272): Found resource "https://yastatic.net/s3/psf/mail-liza-react-client/i18n.mail-liza.react-midgets.ru-999b34af92aa2d2a95d4.js" in HTML "https://mail.yandex.ru/"  	[MsgId: MMSG-26659]
Action.c(272): Found resource "https://yastatic.net/s3/psf/mail-liza-react-client/i18n.mail-liza.ps-header.ru-db14e5390601c58c7340.js" in HTML "https://mail.yandex.ru/"  	[MsgId: MMSG-26659]
Action.c(272): Found resource "https://yastatic.net/s3/psf/mail-liza-react-client/i18n.tanker.dynamic.ru-0a96894d6e0e164e2d85.js" in HTML "https://mail.yandex.ru/"  	[MsgId: MMSG-26659]
Action.c(272): Found resource "https://yastatic.net/s3/psf/mail-liza-react-client/i18n.mail-liza.react-header.ru-32290be16d44ea0bdef2.js" in HTML "https://mail.yandex.ru/"  	[MsgId: MMSG-26659]
Action.c(272): Found resource "https://yastatic.net/s3/psf/mail-liza-react-client/i18n.mail-liza.react-shared-mailboxes.ru-87f9ea2df2fab363597e.js" in HTML "https://mail.yandex.ru/"  	[MsgId: MMSG-26659]
Action.c(272): Found resource "https://yastatic.net/s3/psf/mail-liza-react-client/i18n.mail-liza.react-collectors-banner.ru-4eaa5619c3117cbc46df.js" in HTML "https://mail.yandex.ru/"  	[MsgId: MMSG-26659]
Action.c(272): Found resource "https://yastatic.net/s3/psf/mail-liza-react-client/i18n.mail-liza.react-themes.ru-9acfa0672016eb0a13aa.js" in HTML "https://mail.yandex.ru/"  	[MsgId: MMSG-26659]
Action.c(272): Found resource "https://yastatic.net/s3/psf/mail-liza-react-client/i18n.mail-liza.react-abook.ru-f3875675485ebcd2c948.js" in HTML "https://mail.yandex.ru/"  	[MsgId: MMSG-26659]
Action.c(272): Found resource "https://yastatic.net/s3/psf/mail-liza-react-client/i18n.mail-liza.react-dates.ru-48fce7c9c78c5a42ccca.js" in HTML "https://mail.yandex.ru/"  	[MsgId: MMSG-26659]
Action.c(272): Found resource "https://yastatic.net/s3/psf/mail-liza-react-client/i18n.mail-liza.react-settings-popup.ru-d3ab257c38c94783db6a.js" in HTML "https://mail.yandex.ru/"  	[MsgId: MMSG-26659]
Action.c(272): Found resource "https://yastatic.net/s3/psf/mail-liza-react-client/App-272b27658bfb99e3914f.js" in HTML "https://mail.yandex.ru/"  	[MsgId: MMSG-26659]
Action.c(272): Found resource "https://yastatic.net/nearest.js" in HTML "https://mail.yandex.ru/"  	[MsgId: MMSG-26659]
Action.c(272): Found resource "https://yastatic.net/jquery/1.12.4/jquery.min.js" in HTML "https://mail.yandex.ru/"  	[MsgId: MMSG-26659]
Action.c(272): Found resource "https://yastatic.net/s3/liza/_/ef0a945092c00f1d51d9-bootstrap.js" in HTML "https://mail.yandex.ru/"  	[MsgId: MMSG-26659]
Action.c(272): web_url("mail.yandex.ru") was successful, 4233616 body bytes, 100701 header bytes, 211 chunking overhead bytes  	[MsgId: MMSG-26385]
Action.c(372): web_custom_request("liza1") started  	[MsgId: MMSG-26355]
Action.c(372): Warning -26499: Internal Error - Invalid _iTotalConnectionsReached=17 _iTotalConnectionsAllowed=16 _iTotalHttp2Connections=-3 (LRW_NET_TOTAL_CONNECTIONS_LIMIT=50, MIN_RANGE_MAX_CONNECTIONS=1) for ptNetVUserVars=0A4EAE80 in real_xfvLrwNetProcessAllItems  	[MsgId: MWAR-26499]
Action.c(372): web_custom_request("liza1") highest severity level was "warning", 5999 body bytes, 1023 header bytes, 13 chunking overhead bytes  	[MsgId: MMSG-26387]
Action.c(386): web_custom_request("csrf-token") started  	[MsgId: MMSG-26355]
Action.c(386): Warning -26499: Internal Error - Invalid _iTotalConnectionsReached=17 _iTotalConnectionsAllowed=16 _iTotalHttp2Connections=-3 (LRW_NET_TOTAL_CONNECTIONS_LIMIT=50, MIN_RANGE_MAX_CONNECTIONS=1) for ptNetVUserVars=0A4EAE80 in real_xfvLrwNetProcessAllItems  	[MsgId: MWAR-26499]
Action.c(386): web_custom_request("csrf-token") highest severity level was "warning", 63 body bytes, 1051 header bytes  	[MsgId: MMSG-26388]
Action.c(398): Notify: Transaction "2_login" ended with a "Pass" status (Duration: 6,5725 Wasted Time: 0,6698).
Action.c(405): Notify: Transaction "3_sendMessage_1" started.
Action.c(407): web_reg_save_param_regexp started  	[MsgId: MMSG-26355]
Action.c(407): Registering web_reg_save_param_regexp was successful  	[MsgId: MMSG-26390]
Action.c(412): web_custom_request("liza1_18") started  	[MsgId: MMSG-26355]
Action.c(412): Warning -26499: Internal Error - Invalid _iTotalConnectionsReached=17 _iTotalConnectionsAllowed=16 _iTotalHttp2Connections=-3 (LRW_NET_TOTAL_CONNECTIONS_LIMIT=50, MIN_RANGE_MAX_CONNECTIONS=1) for ptNetVUserVars=0A4EAE80 in real_xfvLrwNetProcessAllItems  	[MsgId: MWAR-26499]
Action.c(412): web_custom_request("liza1_18") highest severity level was "warning", 250 body bytes, 1023 header bytes, 11 chunking overhead bytes  	[MsgId: MMSG-26387]
Action.c(426): web_convert_param started  	[MsgId: MMSG-26355]
Action.c(426): web_convert_param was successful  	[MsgId: MMSG-26392]
Action.c(432): web_convert_param started  	[MsgId: MMSG-26355]
Action.c(432): web_convert_param was successful  	[MsgId: MMSG-26392]
Action.c(438): web_reg_find started  	[MsgId: MMSG-26355]
Action.c(438): Registering web_reg_find was successful  	[MsgId: MMSG-26390]
Action.c(443): web_custom_request("liza1_27") started  	[MsgId: MMSG-26355]
Action.c(443): Warning -26499: Internal Error - Invalid _iTotalConnectionsReached=17 _iTotalConnectionsAllowed=16 _iTotalHttp2Connections=-3 (LRW_NET_TOTAL_CONNECTIONS_LIMIT=50, MIN_RANGE_MAX_CONNECTIONS=1) for ptNetVUserVars=0A4EAE80 in real_xfvLrwNetProcessAllItems  	[MsgId: MWAR-26499]
Action.c(443): Error -26366: "Text="status":"ok"" not found for web_reg_find  	[MsgId: MERR-26366]
Action.c(443): web_custom_request("liza1_27") highest severity level was "ERROR", 41 body bytes, 1023 header bytes, 11 chunking overhead bytes  	[MsgId: MMSG-26387]
Action.c(443): Notify: Transaction "3_sendMessage_1" ended with a "Fail" status (Duration: 0,5293 Wasted Time: 0,0138).
Action.c(443): Notify: Transaction "3_sendMessage_1" has 1 error message(s).
Action.c(443): Notify: The 1st error message associated with transaction "3_sendMessage_1" is "Error -26366: "Text="status":"ok"" not found for web_reg_find"
Ending action Action.
Ending iteration 1.
Ending Vuser...
Starting action vuser_end.
Ending action vuser_end.
Vuser Terminated.
